2025-04-15 02:17:37.759383 - Received SBGOLOB.CBT509.FILE417 from FILE417.XMI 
2025-04-15 02:17:37.760839 - Found $$$#DATE.txt (text/plain) in SBGOLOB.CBT509.FILE417, moved to PDS/$$$#DATE
2025-04-15 02:17:37.761045 - Found $$README.txt (text/plain) in SBGOLOB.CBT509.FILE417, moved to PDS/$$README
2025-04-15 02:17:37.761210 - Found $DOC.txt (text/plain) in SBGOLOB.CBT509.FILE417, moved to PDS/$DOC
2025-04-15 02:17:37.761373 - Found $INSTALL.rexx (text/plain) in SBGOLOB.CBT509.FILE417, moved to PDS/$INSTALL
2025-04-15 02:17:37.761533 - Found $MACSTUB.rexx (text/plain) in SBGOLOB.CBT509.FILE417, moved to PDS/$MACSTUB
2025-04-15 02:17:37.761689 - Found $STUB.rexx (text/plain) in SBGOLOB.CBT509.FILE417, moved to PDS/$STUB
2025-04-15 02:17:37.761885 - Found @FILE417.txt (text/plain) in SBGOLOB.CBT509.FILE417, moved to PDS/@FILE417
2025-04-15 02:17:37.765509 - Found EXEC.xmi (application/xmit) in SBGOLOB.CBT509.FILE417, moved to PDS/EXEC.xmi
2025-04-15 02:17:38.449108 - Received LBDYCK.RACFADM.EXEC from EXEC.xmi 
2025-04-15 02:17:38.453560 - Found $$DIR.txt (text/plain) in LBDYCK.RACFADM.EXEC, moved to EXEC/$$DIR
2025-04-15 02:17:38.453790 - Found $STUB.rexx (text/plain) in LBDYCK.RACFADM.EXEC, moved to EXEC/$STUB
2025-04-15 02:17:38.453974 - Found LC.rexx (text/plain) in LBDYCK.RACFADM.EXEC, moved to EXEC/LC
2025-04-15 02:17:38.454167 - Found LR.rexx (text/plain) in LBDYCK.RACFADM.EXEC, moved to EXEC/LR
2025-04-15 02:17:38.454757 - Found OPERMIT.rexx (text/plain) in LBDYCK.RACFADM.EXEC, moved to EXEC/OPERMIT
2025-04-15 02:17:38.455438 - Found ORALTER.rexx (text/plain) in LBDYCK.RACFADM.EXEC, moved to EXEC/ORALTER
2025-04-15 02:17:38.456131 - Found ORLIST.rexx (text/plain) in LBDYCK.RACFADM.EXEC, moved to EXEC/ORLIST
2025-04-15 02:17:38.456473 - Found RACFADM.rexx (text/plain) in LBDYCK.RACFADM.EXEC, moved to EXEC/RACFADM
2025-04-15 02:17:38.456794 - Found RACFADMC.rexx (text/plain) in LBDYCK.RACFADM.EXEC, moved to EXEC/RACFADMC
2025-04-15 02:17:38.457173 - Found RACFALTD.rexx (text/plain) in LBDYCK.RACFADM.EXEC, moved to EXEC/RACFALTD
2025-04-15 02:17:38.457495 - Found RACFALTG.rexx (text/plain) in LBDYCK.RACFADM.EXEC, moved to EXEC/RACFALTG
2025-04-15 02:17:38.457820 - Found RACFALTU.rexx (text/plain) in LBDYCK.RACFADM.EXEC, moved to EXEC/RACFALTU
2025-04-15 02:17:38.458201 - Found RACFCERT.rexx (text/plain) in LBDYCK.RACFADM.EXEC, moved to EXEC/RACFCERT
2025-04-15 02:17:38.458391 - Found RACFCHKP.rexx (text/plain) in LBDYCK.RACFADM.EXEC, moved to EXEC/RACFCHKP
2025-04-15 02:17:38.458586 - Found RACFCLOG.rexx (text/plain) in LBDYCK.RACFADM.EXEC, moved to EXEC/RACFCLOG
2025-04-15 02:17:38.458797 - Found RACFCLSA.rexx (text/plain) in LBDYCK.RACFADM.EXEC, moved to EXEC/RACFCLSA
2025-04-15 02:17:38.459384 - Found RACFCLSG.rexx (text/plain) in LBDYCK.RACFADM.EXEC, moved to EXEC/RACFCLSG
2025-04-15 02:17:38.460010 - Found RACFCLSR.rexx (text/plain) in LBDYCK.RACFADM.EXEC, moved to EXEC/RACFCLSR
2025-04-15 02:17:38.460647 - Found RACFCLSS.rexx (text/plain) in LBDYCK.RACFADM.EXEC, moved to EXEC/RACFCLSS
2025-04-15 02:17:38.460966 - Found RACFCMDS.rexx (text/plain) in LBDYCK.RACFADM.EXEC, moved to EXEC/RACFCMDS
2025-04-15 02:17:38.461275 - Found RACFCOPU.rexx (text/plain) in LBDYCK.RACFADM.EXEC, moved to EXEC/RACFCOPU
2025-04-15 02:17:38.461616 - Found RACFDB.rexx (text/plain) in LBDYCK.RACFADM.EXEC, moved to EXEC/RACFDB
2025-04-15 02:17:38.461776 - Found RACFDCER.rexx (text/plain) in LBDYCK.RACFADM.EXEC, moved to EXEC/RACFDCER
2025-04-15 02:17:38.461931 - Found RACFDCON.rexx (text/plain) in LBDYCK.RACFADM.EXEC, moved to EXEC/RACFDCON
2025-04-15 02:17:38.462087 - Found RACFDSEP.rexx (text/plain) in LBDYCK.RACFADM.EXEC, moved to EXEC/RACFDSEP
2025-04-15 02:17:38.462276 - Found RACFDSL.rexx (text/plain) in LBDYCK.RACFADM.EXEC, moved to EXEC/RACFDSL
2025-04-15 02:17:38.462823 - Found RACFDSN.rexx (text/plain) in LBDYCK.RACFADM.EXEC, moved to EXEC/RACFDSN
2025-04-15 02:17:38.462983 - Found RACFEMAC.rexx (text/plain) in LBDYCK.RACFADM.EXEC, moved to EXEC/RACFEMAC
2025-04-15 02:17:38.463145 - Found RACFEMST.rexx (text/plain) in LBDYCK.RACFADM.EXEC, moved to EXEC/RACFEMST
2025-04-15 02:17:38.463729 - Found RACFENQS.rexx (text/plain) in LBDYCK.RACFADM.EXEC, moved to EXEC/RACFENQS
2025-04-15 02:17:38.464092 - Found RACFGEN.rexx (text/plain) in LBDYCK.RACFADM.EXEC, moved to EXEC/RACFGEN
2025-04-15 02:17:38.464696 - Found RACFGRP.rexx (text/plain) in LBDYCK.RACFADM.EXEC, moved to EXEC/RACFGRP
2025-04-15 02:17:38.465009 - Found RACFGTRE.rexx (text/plain) in LBDYCK.RACFADM.EXEC, moved to EXEC/RACFGTRE
2025-04-15 02:17:38.465840 - Found RACFHELP.bin (application/octet-stream) in LBDYCK.RACFADM.EXEC, moved to EXEC/RACFHELP
2025-04-15 02:17:38.466146 - Found RACFIBM.rexx (text/plain) in LBDYCK.RACFADM.EXEC, moved to EXEC/RACFIBM
2025-04-15 02:17:38.466355 - Found RACFLOG.rexx (text/plain) in LBDYCK.RACFADM.EXEC, moved to EXEC/RACFLOG
2025-04-15 02:17:38.466516 - Found RACFMRUN.rexx (text/plain) in LBDYCK.RACFADM.EXEC, moved to EXEC/RACFMRUN
2025-04-15 02:17:38.467006 - Found RACFMSG.rexx (text/plain) in LBDYCK.RACFADM.EXEC, moved to EXEC/RACFMSG
2025-04-15 02:17:38.467173 - Found RACFMSGC.rexx (text/plain) in LBDYCK.RACFADM.EXEC, moved to EXEC/RACFMSGC
2025-04-15 02:17:38.467479 - Found RACFMSGS.rexx (text/plain) in LBDYCK.RACFADM.EXEC, moved to EXEC/RACFMSGS
2025-04-15 02:17:38.467638 - Found RACFMVS.rexx (text/plain) in LBDYCK.RACFADM.EXEC, moved to EXEC/RACFMVS
2025-04-15 02:17:38.467787 - Found RACFNOTE.rexx (text/plain) in LBDYCK.RACFADM.EXEC, moved to EXEC/RACFNOTE
2025-04-15 02:17:38.468241 - Found RACFOMVS.rexx (text/plain) in LBDYCK.RACFADM.EXEC, moved to EXEC/RACFOMVS
2025-04-15 02:17:38.468954 - Found RACFPRMS.rexx (text/plain) in LBDYCK.RACFADM.EXEC, moved to EXEC/RACFPRMS
2025-04-15 02:17:38.469572 - Found RACFPROF.rexx (text/plain) in LBDYCK.RACFADM.EXEC, moved to EXEC/RACFPROF
2025-04-15 02:17:38.469942 - Found RACFPSWD.rexx (text/plain) in LBDYCK.RACFADM.EXEC, moved to EXEC/RACFPSWD
2025-04-15 02:17:38.470274 - Found RACFPUTL.rexx (text/plain) in LBDYCK.RACFADM.EXEC, moved to EXEC/RACFPUTL
2025-04-15 02:17:38.470595 - Found RACFPWPH.rexx (text/plain) in LBDYCK.RACFADM.EXEC, moved to EXEC/RACFPWPH
2025-04-15 02:17:38.471208 - Found RACFRING.rexx (text/plain) in LBDYCK.RACFADM.EXEC, moved to EXEC/RACFRING
2025-04-15 02:17:38.471769 - Found RACFRPTS.rexx (text/plain) in LBDYCK.RACFADM.EXEC, moved to EXEC/RACFRPTS
2025-04-15 02:17:38.472089 - Found RACFRVER.rexx (text/plain) in LBDYCK.RACFADM.EXEC, moved to EXEC/RACFRVER
2025-04-15 02:17:38.472459 - Found RACFSETD.rexx (text/plain) in LBDYCK.RACFADM.EXEC, moved to EXEC/RACFSETD
2025-04-15 02:17:38.472659 - Found RACFSETG.rexx (text/plain) in LBDYCK.RACFADM.EXEC, moved to EXEC/RACFSETG
2025-04-15 02:17:38.473607 - Found RACFUSR.rexx (text/plain) in LBDYCK.RACFADM.EXEC, moved to EXEC/RACFUSR
2025-04-15 02:17:38.473979 - Found RACFUSRT.rexx (text/plain) in LBDYCK.RACFADM.EXEC, moved to EXEC/RACFUSRT
2025-04-15 02:17:38.474318 - Found RACFUSRX.rexx (text/plain) in LBDYCK.RACFADM.EXEC, moved to EXEC/RACFUSRX
2025-04-15 02:17:38.474666 - Found RACFUSRY.rexx (text/plain) in LBDYCK.RACFADM.EXEC, moved to EXEC/RACFUSRY
2025-04-15 02:17:38.474997 - Found RACRUN.rexx (text/plain) in LBDYCK.RACFADM.EXEC, moved to EXEC/RACRUN
2025-04-15 02:17:38.476958 - Found INTRO.txt (text/plain) in SBGOLOB.CBT509.FILE417, moved to PDS/INTRO
2025-04-15 02:17:38.477171 - Found MSGS.xmi (application/xmit) in SBGOLOB.CBT509.FILE417, moved to PDS/MSGS.xmi
2025-04-15 02:17:38.490009 - Received LBDYCK.RACFADM.MSGS from MSGS.xmi 
2025-04-15 02:17:38.490744 - Found RACF01.txt (text/plain) in LBDYCK.RACFADM.MSGS, moved to MSGS/RACF01
2025-04-15 02:17:38.493466 - Found PANELS.xmi (application/xmit) in SBGOLOB.CBT509.FILE417, moved to PDS/PANELS.xmi
2025-04-15 02:17:39.403282 - Received LBDYCK.RACFADM.PANELS from PANELS.xmi 
2025-04-15 02:17:39.410210 - Found $$DIR.txt (text/plain) in LBDYCK.RACFADM.PANELS, moved to PANELS/$$DIR
2025-04-15 02:17:39.410814 - Found $CLASSES.txt (text/plain) in LBDYCK.RACFADM.PANELS, moved to PANELS/$CLASSES
2025-04-15 02:17:39.411146 - Found $DEFSETG.txt (text/plain) in LBDYCK.RACFADM.PANELS, moved to PANELS/$DEFSETG
2025-04-15 02:17:39.411715 - Found $GLOSSRY.txt (text/plain) in LBDYCK.RACFADM.PANELS, moved to PANELS/$GLOSSRY
2025-04-15 02:17:39.412033 - Found $ISSUES.txt (text/plain) in LBDYCK.RACFADM.PANELS, moved to PANELS/$ISSUES
2025-04-15 02:17:39.412383 - Found $REPORTS.txt (text/plain) in LBDYCK.RACFADM.PANELS, moved to PANELS/$REPORTS
2025-04-15 02:17:39.412573 - Found $STNDARD.txt (text/plain) in LBDYCK.RACFADM.PANELS, moved to PANELS/$STNDARD
2025-04-15 02:17:39.412732 - Found $UNDOC.txt (text/plain) in LBDYCK.RACFADM.PANELS, moved to PANELS/$UNDOC
2025-04-15 02:17:39.413440 - Found $UPDATES.txt (text/plain) in LBDYCK.RACFADM.PANELS, moved to PANELS/$UPDATES
2025-04-15 02:17:39.413610 - Found #RACACC.txt (text/plain) in LBDYCK.RACFADM.PANELS, moved to PANELS/#RACACC
2025-04-15 02:17:39.413759 - Found #RACACKN.txt (text/plain) in LBDYCK.RACFADM.PANELS, moved to PANELS/#RACACKN
2025-04-15 02:17:39.413908 - Found #RACAMTC.txt (text/plain) in LBDYCK.RACFADM.PANELS, moved to PANELS/#RACAMTC
2025-04-15 02:17:39.414200 - Found #RACCERA.txt (text/plain) in LBDYCK.RACFADM.PANELS, moved to PANELS/#RACCERA
2025-04-15 02:17:39.414358 - Found #RACCERG.txt (text/plain) in LBDYCK.RACFADM.PANELS, moved to PANELS/#RACCERG
2025-04-15 02:17:39.414510 - Found #RACCERT.txt (text/plain) in LBDYCK.RACFADM.PANELS, moved to PANELS/#RACCERT
2025-04-15 02:17:39.414657 - Found #RACCLSA.txt (text/plain) in LBDYCK.RACFADM.PANELS, moved to PANELS/#RACCLSA
2025-04-15 02:17:39.414937 - Found #RACCLSF.txt (text/plain) in LBDYCK.RACFADM.PANELS, moved to PANELS/#RACCLSF
2025-04-15 02:17:39.415221 - Found #RACCLSR.txt (text/plain) in LBDYCK.RACFADM.PANELS, moved to PANELS/#RACCLSR
2025-04-15 02:17:39.415506 - Found #RACCLS2.txt (text/plain) in LBDYCK.RACFADM.PANELS, moved to PANELS/#RACCLS2
2025-04-15 02:17:39.415784 - Found #RACCLS5.txt (text/plain) in LBDYCK.RACFADM.PANELS, moved to PANELS/#RACCLS5
2025-04-15 02:17:39.416059 - Found #RACCLS8.txt (text/plain) in LBDYCK.RACFADM.PANELS, moved to PANELS/#RACCLS8
2025-04-15 02:17:39.416345 - Found #RACCMDS.txt (text/plain) in LBDYCK.RACFADM.PANELS, moved to PANELS/#RACCMDS
2025-04-15 02:17:39.416642 - Found #RACCOPU.txt (text/plain) in LBDYCK.RACFADM.PANELS, moved to PANELS/#RACCOPU
2025-04-15 02:17:39.416792 - Found #RACDB.txt (text/plain) in LBDYCK.RACFADM.PANELS, moved to PANELS/#RACDB
2025-04-15 02:17:39.417093 - Found #RACDSL.txt (text/plain) in LBDYCK.RACFADM.PANELS, moved to PANELS/#RACDSL
2025-04-15 02:17:39.417532 - Found #RACDSNA.txt (text/plain) in LBDYCK.RACFADM.PANELS, moved to PANELS/#RACDSNA
2025-04-15 02:17:39.417853 - Found #RACDSN2.txt (text/plain) in LBDYCK.RACFADM.PANELS, moved to PANELS/#RACDSN2
2025-04-15 02:17:39.418157 - Found #RACDSN5.txt (text/plain) in LBDYCK.RACFADM.PANELS, moved to PANELS/#RACDSN5
2025-04-15 02:17:39.418467 - Found #RACDSN8.txt (text/plain) in LBDYCK.RACFADM.PANELS, moved to PANELS/#RACDSN8
2025-04-15 02:17:39.418768 - Found #RACENQ.txt (text/plain) in LBDYCK.RACFADM.PANELS, moved to PANELS/#RACENQ
2025-04-15 02:17:39.419068 - Found #RACERA.txt (text/plain) in LBDYCK.RACFADM.PANELS, moved to PANELS/#RACERA
2025-04-15 02:17:39.419373 - Found #RACFPP.txt (text/plain) in LBDYCK.RACFADM.PANELS, moved to PANELS/#RACFPP
2025-04-15 02:17:39.419684 - Found #RACGEN1.txt (text/plain) in LBDYCK.RACFADM.PANELS, moved to PANELS/#RACGEN1
2025-04-15 02:17:39.419983 - Found #RACGRP5.txt (text/plain) in LBDYCK.RACFADM.PANELS, moved to PANELS/#RACGRP5
2025-04-15 02:17:39.420323 - Found #RACGRP8.txt (text/plain) in LBDYCK.RACFADM.PANELS, moved to PANELS/#RACGRP8
2025-04-15 02:17:39.420628 - Found #RACGRP9.txt (text/plain) in LBDYCK.RACFADM.PANELS, moved to PANELS/#RACGRP9
2025-04-15 02:17:39.420937 - Found #RACGTRE.txt (text/plain) in LBDYCK.RACFADM.PANELS, moved to PANELS/#RACGTRE
2025-04-15 02:17:39.421236 - Found #RACHEL1.txt (text/plain) in LBDYCK.RACFADM.PANELS, moved to PANELS/#RACHEL1
2025-04-15 02:17:39.421551 - Found #RACHEL2.txt (text/plain) in LBDYCK.RACFADM.PANELS, moved to PANELS/#RACHEL2
2025-04-15 02:17:39.421847 - Found #RACHIST.txt (text/plain) in LBDYCK.RACFADM.PANELS, moved to PANELS/#RACHIST
2025-04-15 02:17:39.422163 - Found #RACIBM.txt (text/plain) in LBDYCK.RACFADM.PANELS, moved to PANELS/#RACIBM
2025-04-15 02:17:39.422512 - Found #RACLOG.txt (text/plain) in LBDYCK.RACFADM.PANELS, moved to PANELS/#RACLOG
2025-04-15 02:17:39.422833 - Found #RACMACS.txt (text/plain) in LBDYCK.RACFADM.PANELS, moved to PANELS/#RACMACS
2025-04-15 02:17:39.423142 - Found #RACMENU.txt (text/plain) in LBDYCK.RACFADM.PANELS, moved to PANELS/#RACMENU
2025-04-15 02:17:39.423457 - Found #RACMEN1.txt (text/plain) in LBDYCK.RACFADM.PANELS, moved to PANELS/#RACMEN1
2025-04-15 02:17:39.423754 - Found #RACMSG.txt (text/plain) in LBDYCK.RACFADM.PANELS, moved to PANELS/#RACMSG
2025-04-15 02:17:39.424041 - Found #RACMSGU.txt (text/plain) in LBDYCK.RACFADM.PANELS, moved to PANELS/#RACMSGU
2025-04-15 02:17:39.424349 - Found #RACMVS.txt (text/plain) in LBDYCK.RACFADM.PANELS, moved to PANELS/#RACMVS
2025-04-15 02:17:39.424705 - Found #RACNOT1.txt (text/plain) in LBDYCK.RACFADM.PANELS, moved to PANELS/#RACNOT1
2025-04-15 02:17:39.425033 - Found #RACNOT2.txt (text/plain) in LBDYCK.RACFADM.PANELS, moved to PANELS/#RACNOT2
2025-04-15 02:17:39.425197 - Found #RACNOT3.txt (text/plain) in LBDYCK.RACFADM.PANELS, moved to PANELS/#RACNOT3
2025-04-15 02:17:39.425363 - Found #RACOMA1.txt (text/plain) in LBDYCK.RACFADM.PANELS, moved to PANELS/#RACOMA1
2025-04-15 02:17:39.425679 - Found #RACOMA2.txt (text/plain) in LBDYCK.RACFADM.PANELS, moved to PANELS/#RACOMA2
2025-04-15 02:17:39.426007 - Found #RACOMF1.txt (text/plain) in LBDYCK.RACFADM.PANELS, moved to PANELS/#RACOMF1
2025-04-15 02:17:39.426310 - Found #RACOMF2.txt (text/plain) in LBDYCK.RACFADM.PANELS, moved to PANELS/#RACOMF2
2025-04-15 02:17:39.426616 - Found #RACOMG1.txt (text/plain) in LBDYCK.RACFADM.PANELS, moved to PANELS/#RACOMG1
2025-04-15 02:17:39.426910 - Found #RACOMG2.txt (text/plain) in LBDYCK.RACFADM.PANELS, moved to PANELS/#RACOMG2
2025-04-15 02:17:39.427203 - Found #RACOML1.txt (text/plain) in LBDYCK.RACFADM.PANELS, moved to PANELS/#RACOML1
2025-04-15 02:17:39.427494 - Found #RACOML2.txt (text/plain) in LBDYCK.RACFADM.PANELS, moved to PANELS/#RACOML2
2025-04-15 02:17:39.427779 - Found #RACOMP1.txt (text/plain) in LBDYCK.RACFADM.PANELS, moved to PANELS/#RACOMP1
2025-04-15 02:17:39.428064 - Found #RACOMP2.txt (text/plain) in LBDYCK.RACFADM.PANELS, moved to PANELS/#RACOMP2
2025-04-15 02:17:39.428347 - Found #RACOMS1.txt (text/plain) in LBDYCK.RACFADM.PANELS, moved to PANELS/#RACOMS1
2025-04-15 02:17:39.428644 - Found #RACOMS2.txt (text/plain) in LBDYCK.RACFADM.PANELS, moved to PANELS/#RACOMS2
2025-04-15 02:17:39.428921 - Found #RACOMU1.txt (text/plain) in LBDYCK.RACFADM.PANELS, moved to PANELS/#RACOMU1
2025-04-15 02:17:39.429204 - Found #RACOMU2.txt (text/plain) in LBDYCK.RACFADM.PANELS, moved to PANELS/#RACOMU2
2025-04-15 02:17:39.429490 - Found #RACOMVS.txt (text/plain) in LBDYCK.RACFADM.PANELS, moved to PANELS/#RACOMVS
2025-04-15 02:17:39.429768 - Found #RACPRMS.txt (text/plain) in LBDYCK.RACFADM.PANELS, moved to PANELS/#RACPRMS
2025-04-15 02:17:39.430042 - Found #RACPSWD.txt (text/plain) in LBDYCK.RACFADM.PANELS, moved to PANELS/#RACPSWD
2025-04-15 02:17:39.430375 - Found #RACPSWH.txt (text/plain) in LBDYCK.RACFADM.PANELS, moved to PANELS/#RACPSWH
2025-04-15 02:17:39.430703 - Found #RACPUB1.txt (text/plain) in LBDYCK.RACFADM.PANELS, moved to PANELS/#RACPUB1
2025-04-15 02:17:39.431008 - Found #RACPUB2.txt (text/plain) in LBDYCK.RACFADM.PANELS, moved to PANELS/#RACPUB2
2025-04-15 02:17:39.431312 - Found #RACRING.txt (text/plain) in LBDYCK.RACFADM.PANELS, moved to PANELS/#RACRING
2025-04-15 02:17:39.431622 - Found #RACRPT1.txt (text/plain) in LBDYCK.RACFADM.PANELS, moved to PANELS/#RACRPT1
2025-04-15 02:17:39.431921 - Found #RACRPT2.txt (text/plain) in LBDYCK.RACFADM.PANELS, moved to PANELS/#RACRPT2
2025-04-15 02:17:39.432199 - Found #RACRUN.txt (text/plain) in LBDYCK.RACFADM.PANELS, moved to PANELS/#RACRUN
2025-04-15 02:17:39.432486 - Found #RACSET1.txt (text/plain) in LBDYCK.RACFADM.PANELS, moved to PANELS/#RACSET1
2025-04-15 02:17:39.432767 - Found #RACSET2.txt (text/plain) in LBDYCK.RACFADM.PANELS, moved to PANELS/#RACSET2
2025-04-15 02:17:39.433042 - Found #RACSET3.txt (text/plain) in LBDYCK.RACFADM.PANELS, moved to PANELS/#RACSET3
2025-04-15 02:17:39.433324 - Found #RACSET4.txt (text/plain) in LBDYCK.RACFADM.PANELS, moved to PANELS/#RACSET4
2025-04-15 02:17:39.433607 - Found #RACUSR2.txt (text/plain) in LBDYCK.RACFADM.PANELS, moved to PANELS/#RACUSR2
2025-04-15 02:17:39.433883 - Found #RACUSR3.txt (text/plain) in LBDYCK.RACFADM.PANELS, moved to PANELS/#RACUSR3
2025-04-15 02:17:39.434184 - Found #RACUSR5.txt (text/plain) in LBDYCK.RACFADM.PANELS, moved to PANELS/#RACUSR5
2025-04-15 02:17:39.434387 - Found #RACUSR6.txt (text/plain) in LBDYCK.RACFADM.PANELS, moved to PANELS/#RACUSR6
2025-04-15 02:17:39.434573 - Found #RACUS5A.txt (text/plain) in LBDYCK.RACFADM.PANELS, moved to PANELS/#RACUS5A
2025-04-15 02:17:39.434756 - Found OPERMIT.txt (text/plain) in LBDYCK.RACFADM.PANELS, moved to PANELS/OPERMIT
2025-04-15 02:17:39.434930 - Found ORALTER.txt (text/plain) in LBDYCK.RACFADM.PANELS, moved to PANELS/ORALTER
2025-04-15 02:17:39.435092 - Found ORLIST.txt (text/plain) in LBDYCK.RACFADM.PANELS, moved to PANELS/ORLIST
2025-04-15 02:17:39.435249 - Found RACFACC.txt (text/plain) in LBDYCK.RACFADM.PANELS, moved to PANELS/RACFACC
2025-04-15 02:17:39.435409 - Found RACFAMTC.txt (text/plain) in LBDYCK.RACFADM.PANELS, moved to PANELS/RACFAMTC
2025-04-15 02:17:39.435558 - Found RACFCERA.txt (text/plain) in LBDYCK.RACFADM.PANELS, moved to PANELS/RACFCERA
2025-04-15 02:17:39.435710 - Found RACFCERG.txt (text/plain) in LBDYCK.RACFADM.PANELS, moved to PANELS/RACFCERG
2025-04-15 02:17:39.435998 - Found RACFCERT.bin (application/octet-stream) in LBDYCK.RACFADM.PANELS, moved to PANELS/RACFCERT
2025-04-15 02:17:39.436279 - Found RACFCLSB.txt (text/plain) in LBDYCK.RACFADM.PANELS, moved to PANELS/RACFCLSB
2025-04-15 02:17:39.436565 - Found RACFCLSC.txt (text/plain) in LBDYCK.RACFADM.PANELS, moved to PANELS/RACFCLSC
2025-04-15 02:17:39.436856 - Found RACFCLSD.txt (text/plain) in LBDYCK.RACFADM.PANELS, moved to PANELS/RACFCLSD
2025-04-15 02:17:39.437132 - Found RACFCLSE.txt (text/plain) in LBDYCK.RACFADM.PANELS, moved to PANELS/RACFCLSE
2025-04-15 02:17:39.437423 - Found RACFCLSF.txt (text/plain) in LBDYCK.RACFADM.PANELS, moved to PANELS/RACFCLSF
2025-04-15 02:17:39.437713 - Found RACFCLSR.txt (text/plain) in LBDYCK.RACFADM.PANELS, moved to PANELS/RACFCLSR
2025-04-15 02:17:39.437860 - Found RACFCLS1.txt (text/plain) in LBDYCK.RACFADM.PANELS, moved to PANELS/RACFCLS1
2025-04-15 02:17:39.438144 - Found RACFCLS2.txt (text/plain) in LBDYCK.RACFADM.PANELS, moved to PANELS/RACFCLS2
2025-04-15 02:17:39.438425 - Found RACFCLS3.txt (text/plain) in LBDYCK.RACFADM.PANELS, moved to PANELS/RACFCLS3
2025-04-15 02:17:39.438705 - Found RACFCLS4.txt (text/plain) in LBDYCK.RACFADM.PANELS, moved to PANELS/RACFCLS4
2025-04-15 02:17:39.438995 - Found RACFCLS5.bin (application/octet-stream) in LBDYCK.RACFADM.PANELS, moved to PANELS/RACFCLS5
2025-04-15 02:17:39.439275 - Found RACFCLS6.txt (text/plain) in LBDYCK.RACFADM.PANELS, moved to PANELS/RACFCLS6
2025-04-15 02:17:39.439564 - Found RACFCLS7.txt (text/plain) in LBDYCK.RACFADM.PANELS, moved to PANELS/RACFCLS7
2025-04-15 02:17:39.439840 - Found RACFCLS8.txt (text/plain) in LBDYCK.RACFADM.PANELS, moved to PANELS/RACFCLS8
2025-04-15 02:17:39.440114 - Found RACFCMDS.txt (text/plain) in LBDYCK.RACFADM.PANELS, moved to PANELS/RACFCMDS
2025-04-15 02:17:39.440419 - Found RACFCOPU.txt (text/plain) in LBDYCK.RACFADM.PANELS, moved to PANELS/RACFCOPU
2025-04-15 02:17:39.440969 - Found RACFDISP.bin (application/octet-stream) in LBDYCK.RACFADM.PANELS, moved to PANELS/RACFDISP
2025-04-15 02:17:39.441258 - Found RACFDSC5.bin (application/octet-stream) in LBDYCK.RACFADM.PANELS, moved to PANELS/RACFDSC5
2025-04-15 02:17:39.441550 - Found RACFDSC6.txt (text/plain) in LBDYCK.RACFADM.PANELS, moved to PANELS/RACFDSC6
2025-04-15 02:17:39.441838 - Found RACFDSC7.txt (text/plain) in LBDYCK.RACFADM.PANELS, moved to PANELS/RACFDSC7
2025-04-15 02:17:39.442138 - Found RACFDSN1.txt (text/plain) in LBDYCK.RACFADM.PANELS, moved to PANELS/RACFDSN1
2025-04-15 02:17:39.442463 - Found RACFDSN2.bin (application/octet-stream) in LBDYCK.RACFADM.PANELS, moved to PANELS/RACFDSN2
2025-04-15 02:17:39.442700 - Found RACFDSN3.txt (text/plain) in LBDYCK.RACFADM.PANELS, moved to PANELS/RACFDSN3
2025-04-15 02:17:39.442929 - Found RACFDSN4.txt (text/plain) in LBDYCK.RACFADM.PANELS, moved to PANELS/RACFDSN4
2025-04-15 02:17:39.443151 - Found RACFDSN5.bin (application/octet-stream) in LBDYCK.RACFADM.PANELS, moved to PANELS/RACFDSN5
2025-04-15 02:17:39.443367 - Found RACFDSN6.txt (text/plain) in LBDYCK.RACFADM.PANELS, moved to PANELS/RACFDSN6
2025-04-15 02:17:39.443584 - Found RACFDSN7.txt (text/plain) in LBDYCK.RACFADM.PANELS, moved to PANELS/RACFDSN7
2025-04-15 02:17:39.443786 - Found RACFDSN8.txt (text/plain) in LBDYCK.RACFADM.PANELS, moved to PANELS/RACFDSN8
2025-04-15 02:17:39.443960 - Found RACFEXP.txt (text/plain) in LBDYCK.RACFADM.PANELS, moved to PANELS/RACFEXP
2025-04-15 02:17:39.444123 - Found RACFGEN1.txt (text/plain) in LBDYCK.RACFADM.PANELS, moved to PANELS/RACFGEN1
2025-04-15 02:17:39.444288 - Found RACFGRP1.txt (text/plain) in LBDYCK.RACFADM.PANELS, moved to PANELS/RACFGRP1
2025-04-15 02:17:39.444481 - Found RACFGRP2.txt (text/plain) in LBDYCK.RACFADM.PANELS, moved to PANELS/RACFGRP2
2025-04-15 02:17:39.444673 - Found RACFGRP4.txt (text/plain) in LBDYCK.RACFADM.PANELS, moved to PANELS/RACFGRP4
2025-04-15 02:17:39.444867 - Found RACFGRP5.bin (application/octet-stream) in LBDYCK.RACFADM.PANELS, moved to PANELS/RACFGRP5
2025-04-15 02:17:39.445024 - Found RACFGRP6.txt (text/plain) in LBDYCK.RACFADM.PANELS, moved to PANELS/RACFGRP6
2025-04-15 02:17:39.445180 - Found RACFGRP7.txt (text/plain) in LBDYCK.RACFADM.PANELS, moved to PANELS/RACFGRP7
2025-04-15 02:17:39.445350 - Found RACFGRP8.bin (application/octet-stream) in LBDYCK.RACFADM.PANELS, moved to PANELS/RACFGRP8
2025-04-15 02:17:39.445513 - Found RACFGRP9.txt (text/plain) in LBDYCK.RACFADM.PANELS, moved to PANELS/RACFGRP9
2025-04-15 02:17:39.445847 - Found RACFMENU.txt (text/plain) in LBDYCK.RACFADM.PANELS, moved to PANELS/RACFMENU
2025-04-15 02:17:39.446021 - Found RACFMSG.txt (text/plain) in LBDYCK.RACFADM.PANELS, moved to PANELS/RACFMSG
2025-04-15 02:17:39.446175 - Found RACFMSGU.txt (text/plain) in LBDYCK.RACFADM.PANELS, moved to PANELS/RACFMSGU
2025-04-15 02:17:39.446348 - Found RACFMSG1.txt (text/plain) in LBDYCK.RACFADM.PANELS, moved to PANELS/RACFMSG1
2025-04-15 02:17:39.446526 - Found RACFMSG2.txt (text/plain) in LBDYCK.RACFADM.PANELS, moved to PANELS/RACFMSG2
2025-04-15 02:17:39.446691 - Found RACFMSG3.txt (text/plain) in LBDYCK.RACFADM.PANELS, moved to PANELS/RACFMSG3
2025-04-15 02:17:39.446874 - Found RACFOMVS.txt (text/plain) in LBDYCK.RACFADM.PANELS, moved to PANELS/RACFOMVS
2025-04-15 02:17:39.447037 - Found RACFPPP.txt (text/plain) in LBDYCK.RACFADM.PANELS, moved to PANELS/RACFPPP
2025-04-15 02:17:39.447191 - Found RACFPRMS.bin (application/octet-stream) in LBDYCK.RACFADM.PANELS, moved to PANELS/RACFPRMS
2025-04-15 02:17:39.447348 - Found RACFPSWD.txt (text/plain) in LBDYCK.RACFADM.PANELS, moved to PANELS/RACFPSWD
2025-04-15 02:17:39.447511 - Found RACFPSWE.txt (text/plain) in LBDYCK.RACFADM.PANELS, moved to PANELS/RACFPSWE
2025-04-15 02:17:39.447665 - Found RACFRINA.txt (text/plain) in LBDYCK.RACFADM.PANELS, moved to PANELS/RACFRINA
2025-04-15 02:17:39.447965 - Found RACFRINC.txt (text/plain) in LBDYCK.RACFADM.PANELS, moved to PANELS/RACFRINC
2025-04-15 02:17:39.448165 - Found RACFRIN1.bin (application/octet-stream) in LBDYCK.RACFADM.PANELS, moved to PANELS/RACFRIN1
2025-04-15 02:17:39.448461 - Found RACFRIN2.bin (application/octet-stream) in LBDYCK.RACFADM.PANELS, moved to PANELS/RACFRIN2
2025-04-15 02:17:39.448752 - Found RACFRPTJ.txt (text/plain) in LBDYCK.RACFADM.PANELS, moved to PANELS/RACFRPTJ
2025-04-15 02:17:39.449065 - Found RACFRPTS.bin (application/octet-stream) in LBDYCK.RACFADM.PANELS, moved to PANELS/RACFRPTS
2025-04-15 02:17:39.449365 - Found RACFSAVE.txt (text/plain) in LBDYCK.RACFADM.PANELS, moved to PANELS/RACFSAVE
2025-04-15 02:17:39.449702 - Found RACFSETG.txt (text/plain) in LBDYCK.RACFADM.PANELS, moved to PANELS/RACFSETG
2025-04-15 02:17:39.449897 - Found RACFSETH.txt (text/plain) in LBDYCK.RACFADM.PANELS, moved to PANELS/RACFSETH
2025-04-15 02:17:39.450052 - Found RACFSETI.txt (text/plain) in LBDYCK.RACFADM.PANELS, moved to PANELS/RACFSETI
2025-04-15 02:17:39.450220 - Found RACFUSRT.txt (text/plain) in LBDYCK.RACFADM.PANELS, moved to PANELS/RACFUSRT
2025-04-15 02:17:39.450411 - Found RACFUSR1.txt (text/plain) in LBDYCK.RACFADM.PANELS, moved to PANELS/RACFUSR1
2025-04-15 02:17:39.450627 - Found RACFUSR2.bin (application/octet-stream) in LBDYCK.RACFADM.PANELS, moved to PANELS/RACFUSR2
2025-04-15 02:17:39.450843 - Found RACFUSR3.bin (application/octet-stream) in LBDYCK.RACFADM.PANELS, moved to PANELS/RACFUSR3
2025-04-15 02:17:39.451029 - Found RACFUSR4.txt (text/plain) in LBDYCK.RACFADM.PANELS, moved to PANELS/RACFUSR4
2025-04-15 02:17:39.451222 - Found RACFUSR5.txt (text/plain) in LBDYCK.RACFADM.PANELS, moved to PANELS/RACFUSR5
2025-04-15 02:17:39.451429 - Found RACFUSR6.txt (text/plain) in LBDYCK.RACFADM.PANELS, moved to PANELS/RACFUSR6
2025-04-15 02:17:39.451614 - Found RACFUSR7.txt (text/plain) in LBDYCK.RACFADM.PANELS, moved to PANELS/RACFUSR7
2025-04-15 02:17:39.451795 - Found RACFUSR8.txt (text/plain) in LBDYCK.RACFADM.PANELS, moved to PANELS/RACFUSR8
2025-04-15 02:17:39.451985 - Found RACFUS2A.bin (application/octet-stream) in LBDYCK.RACFADM.PANELS, moved to PANELS/RACFUS2A
2025-04-15 02:17:39.452174 - Found RACFUS5A.txt (text/plain) in LBDYCK.RACFADM.PANELS, moved to PANELS/RACFUS5A
2025-04-15 02:17:39.454664 - Found README.txt (text/plain) in SBGOLOB.CBT509.FILE417, moved to PDS/README
2025-04-15 02:17:39.455692 - Found SKELS.xmi (application/xmit) in SBGOLOB.CBT509.FILE417, moved to PDS/SKELS.xmi
2025-04-15 02:17:39.603973 - Received LBDYCK.RACFADM.SKELS from SKELS.xmi 
2025-04-15 02:17:39.605579 - Found $$DIR.txt (text/plain) in LBDYCK.RACFADM.SKELS, moved to SKELS/$$DIR
2025-04-15 02:17:39.606088 - Found RACFACC.txt (text/plain) in LBDYCK.RACFADM.SKELS, moved to SKELS/RACFACC
2025-04-15 02:17:39.606416 - Found RACFCERT.txt (text/plain) in LBDYCK.RACFADM.SKELS, moved to SKELS/RACFCERT
2025-04-15 02:17:39.606741 - Found RACFCLSD.txt (text/plain) in LBDYCK.RACFADM.SKELS, moved to SKELS/RACFCLSD
2025-04-15 02:17:39.607059 - Found RACFCLSR.txt (text/plain) in LBDYCK.RACFADM.SKELS, moved to SKELS/RACFCLSR
2025-04-15 02:17:39.607367 - Found RACFCLS2.txt (text/plain) in LBDYCK.RACFADM.SKELS, moved to SKELS/RACFCLS2
2025-04-15 02:17:39.607546 - Found RACFCLS5.txt (text/plain) in LBDYCK.RACFADM.SKELS, moved to SKELS/RACFCLS5
2025-04-15 02:17:39.607853 - Found RACFCLS8.txt (text/plain) in LBDYCK.RACFADM.SKELS, moved to SKELS/RACFCLS8
2025-04-15 02:17:39.608164 - Found RACFDSN2.txt (text/plain) in LBDYCK.RACFADM.SKELS, moved to SKELS/RACFDSN2
2025-04-15 02:17:39.608476 - Found RACFDSN5.txt (text/plain) in LBDYCK.RACFADM.SKELS, moved to SKELS/RACFDSN5
2025-04-15 02:17:39.608792 - Found RACFGRP5.txt (text/plain) in LBDYCK.RACFADM.SKELS, moved to SKELS/RACFGRP5
2025-04-15 02:17:39.609103 - Found RACFGRP8.txt (text/plain) in LBDYCK.RACFADM.SKELS, moved to SKELS/RACFGRP8
2025-04-15 02:17:39.609284 - Found RACFJOB.txt (text/plain) in LBDYCK.RACFADM.SKELS, moved to SKELS/RACFJOB
2025-04-15 02:17:39.609467 - Found RACFMSG.txt (text/plain) in LBDYCK.RACFADM.SKELS, moved to SKELS/RACFMSG
2025-04-15 02:17:39.609646 - Found RACFPRMS.txt (text/plain) in LBDYCK.RACFADM.SKELS, moved to SKELS/RACFPRMS
2025-04-15 02:17:39.609955 - Found RACFRIN1.txt (text/plain) in LBDYCK.RACFADM.SKELS, moved to SKELS/RACFRIN1
2025-04-15 02:17:39.610261 - Found RACFRIN2.txt (text/plain) in LBDYCK.RACFADM.SKELS, moved to SKELS/RACFRIN2
2025-04-15 02:17:39.610940 - Found RACFRPTS.txt (text/plain) in LBDYCK.RACFADM.SKELS, moved to SKELS/RACFRPTS
2025-04-15 02:17:39.611253 - Found RACFRPTU.txt (text/plain) in LBDYCK.RACFADM.SKELS, moved to SKELS/RACFRPTU
2025-04-15 02:17:39.611562 - Found RACFUSR2.txt (text/plain) in LBDYCK.RACFADM.SKELS, moved to SKELS/RACFUSR2
2025-04-15 02:17:39.611870 - Found RACFUSR3.txt (text/plain) in LBDYCK.RACFADM.SKELS, moved to SKELS/RACFUSR3
2025-04-15 02:17:39.612177 - Found RACFUS2A.txt (text/plain) in LBDYCK.RACFADM.SKELS, moved to SKELS/RACFUS2A
2025-04-15 02:17:39.612485 - Found RACFXREF.txt (text/plain) in LBDYCK.RACFADM.SKELS, moved to SKELS/RACFXREF
